<?xml version="1.0" encoding="UTF-8"?>
<!-- Generated by org.testng.reporters.JUnitReportReporter -->
<testsuite hostname="DESKTOP-1EOFUL1" failures="0" tests="1" name="com.hrms.testingscripts.TC_006_Retrive_link" time="6.505" errors="0" timestamp="26 May 2022 07:15:06 GMT">
  <testcase classname="com.hrms.testingscripts.TC_006_Retrive_link" name="getlink" time="6.505"/>
</testsuite> <!-- com.hrms.testingscripts.TC_006_Retrive_link -->
