<?xml version="1.0" encoding="UTF-8"?>
<!-- Generated by org.testng.reporters.JUnitReportReporter -->
<testsuite hostname="DESKTOP-1EOFUL1" failures="0" tests="1" name="com.hrms.testingscripts.TC_001_Login_Logout" time="15.899" errors="0" timestamp="27 May 2022 07:14:31 GMT">
  <testcase classname="com.hrms.testingscripts.TC_001_Login_Logout" name="tc_001" time="15.899"/>
</testsuite> <!-- com.hrms.testingscripts.TC_001_Login_Logout -->
