<?xml version="1.0" encoding="UTF-8"?>
<!-- Generated by org.testng.reporters.JUnitReportReporter -->
<testsuite hostname="DESKTOP-1EOFUL1" failures="0" tests="1" name="com.hrms.testingscripts.TC_002_Add_Employee" time="27.652" errors="0" timestamp="30 May 2022 07:30:45 GMT">
  <testcase classname="com.hrms.testingscripts.TC_002_Add_Employee" name="tc_001" time="27.652"/>
</testsuite> <!-- com.hrms.testingscripts.TC_002_Add_Employee -->
